                  20
                   0        0.1441842460
                   1        0.1691996714
                   2        0.1348292862
                   3        0.2423177924
                   4        0.1313297584
                   5        0.3757643215
                   6        0.3220592435
                   7        0.3543082981
                   8        0.1811708353
                   9        0.1716686522
                  10        0.3663690086
                  11        0.2172213711
                  12        0.1741280991
                  13        0.1088013888
                  14        0.2501236365
                  15        0.3586627089
                  16        0.2092043590
                  17        0.1405067570
                  18        0.2903137756
                  19        0.2724024950
