                 160
                   0        0.5033528404        0.0055742891        0.0110743173
                   1        0.4483603039        0.0051653407        0.0115205129
                   2        0.3986709279        0.0047302002        0.0118649238
                   3        0.3584790994        0.0046206734        0.0128896592
                   4        0.3239486094        0.0041700758        0.0128726460
                   5        0.2957053717        0.0042807160        0.0144762876
                   6        0.2683883431        0.0044818666        0.0166991849
                   7        0.2460727358        0.0047348066        0.0192414919
                   8        0.2270001263        0.0049952020        0.0220052831
                   9        0.2096737064        0.0047607700        0.0227056130
                  10        0.1911200420        0.0049839636        0.0260776608
                  11        0.1733346852        0.0048787935        0.0281466662
                  12        0.1602913110        0.0044410487        0.0277061102
                  13        0.1473406642        0.0042231618        0.0286625682
                  14        0.1385413924        0.0040387190        0.0291517135
                  15        0.1289199182        0.0036619777        0.0284050580
                  16        0.1206029218        0.0040589011        0.0336550807
                  17        0.1123054307        0.0036681740        0.0326624809
                  18        0.1043067379        0.0031969201        0.0306492195
                  19        0.0949089363        0.0031826050        0.0335332489
                  20        0.0861862433        0.0034404867        0.0399192093
                  21        0.0809916794        0.0031823758        0.0392926259
                  22        0.0755734921        0.0026427303        0.0349690107
                  23        0.0713441786        0.0027079269        0.0379558220
                  24        0.0665101020        0.0024219914        0.0364153909
                  25        0.0615823304        0.0027049496        0.0439241185
                  26        0.0592922829        0.0027457401        0.0463085569
                  27        0.0552036144        0.0026233882        0.0475220372
                  28        0.0517433678        0.0029553583        0.0571156926
                  29        0.0462764450        0.0032271174        0.0697356387
                  30        0.0431788736        0.0028767726        0.0666245395
                  31        0.0409989644        0.0026101737        0.0636643819
                  32        0.0384588500        0.0022885066        0.0595053318
                  33        0.0378856464        0.0022026056        0.0581382616
                  34        0.0361801811        0.0022419902        0.0619673576
                  35        0.0340792033        0.0020862271        0.0612170138
                  36        0.0326169050        0.0018442094        0.0565415201
                  37        0.0307122068        0.0020523928        0.0668266134
                  38        0.0289812984        0.0017597330        0.0607196049
                  39        0.0284882947        0.0018841287        0.0661369414
                  40        0.0268540198        0.0017058052        0.0635214104
                  41        0.0260861589        0.0018334398        0.0702840086
                  42        0.0246220634        0.0018349246        0.0745235905
                  43        0.0234663209        0.0019934328        0.0849486707
                  44        0.0219618388        0.0020728729        0.0943852156
                  45        0.0217416575        0.0019592288        0.0901140513
                  46        0.0201630877        0.0018029486        0.0894182780
                  47        0.0190320563        0.0019391111        0.1018865786
                  48        0.0172665342        0.0022286000        0.1290704872
                  49        0.0169384132        0.0019685950        0.1162207472
                  50        0.0167547275        0.0019068566        0.1138100608
                  51        0.0161647782        0.0016444764        0.1017320717
                  52        0.0156200690        0.0016942737        0.1084677471
                  53        0.0160399260        0.0019469941        0.1213842332
                  54        0.0169163257        0.0028375162        0.1677383268
                  55        0.0182138437        0.0037540996        0.2061124307
                  56        0.0172780064        0.0028483317        0.1648530322
                  57        0.0177083510        0.0034520725        0.1949403690
                  58        0.0156977020        0.0025692944        0.1636732826
                  59        0.0149857093        0.0021521748        0.1436151431
                  60        0.0139760846        0.0021320985        0.1525533487
                  61        0.0150740924        0.0025885342        0.1717207319
                  62        0.0131994245        0.0022826834        0.1729381043
                  63        0.0124251285        0.0021186934        0.1705168193
                  64        0.0112685514        0.0018705398        0.1659964772
                  65        0.0106921654        0.0016613047        0.1553758910
                  66        0.0106946724        0.0016504101        0.1543207738
                  67        0.0103842760        0.0014901333        0.1434990103
                  68        0.0106151531        0.0017804266        0.1677250065
                  69        0.0107597125        0.0016434535        0.1527413936
                  70        0.0103990324        0.0015677577        0.1507599603
                  71        0.0097611337        0.0014318747        0.1466914299
                  72        0.0090265278        0.0012816887        0.1419913268
                  73        0.0093606736        0.0015085979        0.1611633886
                  74        0.0104463370        0.0017291110        0.1655231903
                  75        0.0094538281        0.0017543967        0.1855752703
                  76        0.0089357704        0.0016971854        0.1899316276
                  77        0.0096330520        0.0020563384        0.2134669628
                  78        0.0099899480        0.0016413251        0.1642976579
                  79        0.0097003846        0.0017957687        0.1851234489
                  80        0.0102494618        0.0017410554        0.1698679792
                  81        0.0099870641        0.0016000159        0.1602088321
                  82        0.0092690281        0.0014785206        0.1595119298
                  83        0.0100362725        0.0014148001        0.1409686852
                  84        0.0095745483        0.0014327945        0.1496461688
                  85        0.0094834777        0.0014608346        0.1540399664
                  86        0.0092447942        0.0017182640        0.1858628730
                  87        0.0097332969        0.0015959549        0.1639685863
                  88        0.0095415539        0.0014361171        0.1505118717
                  89        0.0097800172        0.0014780963        0.1511343254
                  90        0.0101730550        0.0014279686        0.1403677288
                  91        0.0102893561        0.0014259767        0.1385875567
                  92        0.0103654335        0.0014336917        0.1383146892
                  93        0.0110021043        0.0015030730        0.1366168614
                  94        0.0110139136        0.0015517294        0.1408881079
                  95        0.0106678948        0.0016573972        0.1553631012
                  96        0.0105704537        0.0018171882        0.1719120322
                  97        0.0126727089        0.0019104386        0.1507521884
                  98        0.0142937468        0.0020206457        0.1413657123
                  99        0.0145261327        0.0020281386        0.1396199970
                 100        0.0142943061        0.0015979076        0.1117863019
                 101        0.0149123388        0.0014591996        0.0978518301
                 102        0.0150933499        0.0014154520        0.0937798419
                 103        0.0147607156        0.0012938942        0.0876579578
                 104        0.0161799043        0.0015121791        0.0934603213
                 105        0.0167771379        0.0013907395        0.0828949184
                 106        0.0173436025        0.0013491131        0.0777873643
                 107        0.0171557427        0.0015424914        0.0899110825
                 108        0.0177962842        0.0015052759        0.0845837189
                 109        0.0187852617        0.0016577272        0.0882461591
                 110        0.0188188437        0.0016149599        0.0858161090
                 111        0.0196427955        0.0017010330        0.0865983161
                 112        0.0218989564        0.0016778095        0.0766159571
                 113        0.0222012544        0.0017754778        0.0799719573
                 114        0.0226604012        0.0018522607        0.0817399767
                 115        0.0243436096        0.0023060943        0.0947309910
                 116        0.0244604496        0.0018937260        0.0774199164
                 117        0.0254890158        0.0018995842        0.0745256004
                 118        0.0276917593        0.0019763807        0.0713707155
                 119        0.0282198703        0.0022384601        0.0793221268
                 120        0.0301473817        0.0024775131        0.0821800412
                 121        0.0317504147        0.0027018290        0.0850958650
                 122        0.0336112561        0.0025672376        0.0763802932
                 123        0.0335293678        0.0024289828        0.0724434428
                 124        0.0360205180        0.0025759771        0.0715141617
                 125        0.0371313999        0.0026318492        0.0708793424
                 126        0.0393257814        0.0025200886        0.0640823531
                 127        0.0419118865        0.0025023132        0.0597041426
                 128        0.0431942581        0.0026245953        0.0607625969
                 129        0.0471148282        0.0028025904        0.0594842535
                 130        0.0497723925        0.0028947820        0.0581603956
                 131        0.0519924189        0.0028062421        0.0539740628
                 132        0.0568392075        0.0032714666        0.0575565141
                 133        0.0607341829        0.0037539998        0.0618103288
                 134        0.0631700988        0.0038840271        0.0614852157
                 135        0.0659443126        0.0034183502        0.0518369219
                 136        0.0702157851        0.0035335261        0.0503238140
                 137        0.0723768300        0.0036201403        0.0500179450
                 138        0.0769130067        0.0036655743        0.0476587054
                 139        0.0818882065        0.0035064101        0.0428194755
                 140        0.0866657807        0.0031090646        0.0358741885
                 141        0.0922404916        0.0026242850        0.0284504661
                 142        0.1003934100        0.0026398283        0.0262948369
                 143        0.1087430894        0.0026367225        0.0242472646
                 144        0.1168402509        0.0030684242        0.0262617054
                 145        0.1260983720        0.0034719338        0.0275335339
                 146        0.1364826497        0.0038549949        0.0282453109
                 147        0.1484584488        0.0038102697        0.0256655635
                 148        0.1627784226        0.0037054155        0.0227635544
                 149        0.1743047661        0.0039528394        0.0226777472
                 150        0.1860433487        0.0040045759        0.0215249614
                 151        0.2047192551        0.0039387998        0.0192400063
                 152        0.2231626884        0.0041699936        0.0186858906
                 153        0.2461232090        0.0044357041        0.0180222910
                 154        0.2688936918        0.0043915753        0.0163320131
                 155        0.2940163031        0.0049049029        0.0166824183
                 156        0.3221181100        0.0048201804        0.0149640156
                 157        0.3565885533        0.0052371629        0.0146868508
                 158        0.3957810115        0.0052404232        0.0132407140
                 159        0.4419247627        0.0055486055        0.0125555432
