                  20
                   0        0.4211226381
                   1        0.3552386746
                   2        0.4021155992
                   3        0.3774552820
                   4        0.4041356045
                   5        0.3873776483
                   6        0.3724447478
                   7        0.3787911276
                   8        0.3660665729
                   9        0.4152691658
                  10        0.3918402991
                  11        0.3824150319
                  12        0.3441497766
                  13        0.3295965155
                  14        0.3331673280
                  15        0.3837968258
                  16        0.4169463277
                  17        0.3915467514
                  18        0.3726916468
                  19        0.3846640550
