                 160
                   0        0.0582948138        0.0003596479        0.0061694663
                   1        0.0442254539        0.0003471536        0.0078496334
                   2        0.0337250133        0.0003263721        0.0096774490
                   3        0.0259300070        0.0003023937        0.0116619205
                   4        0.0200613269        0.0002688420        0.0134010083
                   5        0.0156962351        0.0002271815        0.0144736270
                   6        0.0123003654        0.0001977850        0.0160796021
                   7        0.0097035827        0.0001713005        0.0176533238
                   8        0.0076873322        0.0001593539        0.0207294097
                   9        0.0061015107        0.0001509298        0.0247364579
                  10        0.0048599299        0.0001409501        0.0290024963
                  11        0.0038863103        0.0001284206        0.0330443479
                  12        0.0031101851        0.0001129998        0.0363321659
                  13        0.0025060203        0.0000956362        0.0381625668
                  14        0.0020441188        0.0000819917        0.0401110312
                  15        0.0016791503        0.0000714572        0.0425555823
                  16        0.0013716456        0.0000669034        0.0487759981
                  17        0.0011272756        0.0000611403        0.0542371904
                  18        0.0009383932        0.0000583781        0.0622107157
                  19        0.0007910130        0.0000541434        0.0684482324
                  20        0.0006641418        0.0000521978        0.0785943126
                  21        0.0005630176        0.0000497047        0.0882825936
                  22        0.0004730897        0.0000493885        0.1043955521
                  23        0.0004015587        0.0000446384        0.1111627168
                  24        0.0003447299        0.0000412394        0.1196282727
                  25        0.0002960227        0.0000378769        0.1279527605
                  26        0.0002619010        0.0000374029        0.1428133194
                  27        0.0002320449        0.0000364310        0.1569999132
                  28        0.0002111272        0.0000398459        0.1887295533
                  29        0.0001886746        0.0000415367        0.2201500544
                  30        0.0001601180        0.0000415589        0.2595517143
                  31        0.0001447979        0.0000418603        0.2890946256
                  32        0.0001333375        0.0000388851        0.2916294416
                  33        0.0001150477        0.0000296177        0.2574386984
                  34        0.0001028816        0.0000287744        0.2796846702
                  35        0.0000976614        0.0000301015        0.3082229158
                  36        0.0000951276        0.0000327796        0.3445854517
                  37        0.0000948624        0.0000377069        0.3974899875
                  38        0.0001031405        0.0000498021        0.4828566342
                  39        0.0001084710        0.0000574475        0.5296117543
                  40        0.0001090554        0.0000648047        0.5942368925
                  41        0.0001055643        0.0000646876        0.6127788681
                  42        0.0001151912        0.0000760929        0.6605785789
                  43        0.0001163474        0.0000782993        0.6729787122
                  44        0.0001127341        0.0000768828        0.6819831850
                  45        0.0001099816        0.0000771068        0.7010878975
                  46        0.0001153046        0.0000814046        0.7059957967
                  47        0.0001168345        0.0000826250        0.7071964571
                  48        0.0001188295        0.0000823487        0.6929988553
                  49        0.0001229948        0.0000824288        0.6701811297
                  50        0.0001243975        0.0000797498        0.6410886478
                  51        0.0001151171        0.0000703354        0.6109898925
                  52        0.0001028236        0.0000628830        0.6115618638
                  53        0.0000829112        0.0000543231        0.6551957224
                  54        0.0000735584        0.0000494835        0.6727106232
                  55        0.0000632675        0.0000423346        0.6691358477
                  56        0.0000492285        0.0000306047        0.6216875009
                  57        0.0000420855        0.0000252022        0.5988347770
                  58        0.0000416791        0.0000231343        0.5550563451
                  59        0.0000399120        0.0000224585        0.5627014170
                  60        0.0000360691        0.0000219944        0.6097869427
                  61        0.0000350033        0.0000219708        0.6276790235
                  62        0.0000330446        0.0000211124        0.6389068959
                  63        0.0000323129        0.0000210469        0.6513489372
                  64        0.0000335418        0.0000209372        0.6242119635
                  65        0.0000339241        0.0000196311        0.5786774446
                  66        0.0000320227        0.0000170857        0.5335512683
                  67        0.0000248036        0.0000116597        0.4700823658
                  68        0.0000224814        0.0000099786        0.4438607195
                  69        0.0000243769        0.0000092118        0.3778916216
                  70        0.0000272040        0.0000090887        0.3340956466
                  71        0.0000288870        0.0000079068        0.2737141680
                  72        0.0000293024        0.0000064067        0.2186419476
                  73        0.0000307010        0.0000053389        0.1738989727
                  74        0.0000297943        0.0000050523        0.1695713861
                  75        0.0000291684        0.0000054658        0.1873864734
                  76        0.0000287950        0.0000062763        0.2179658596
                  77        0.0000282586        0.0000076962        0.2723472674
                  78        0.0000279063        0.0000092702        0.3321911950
                  79        0.0000301214        0.0000109245        0.3626833395
                  80        0.0000309305        0.0000128811        0.4164539989
                  81        0.0000307807        0.0000137529        0.4468037210
                  82        0.0000329146        0.0000155031        0.4710083763
                  83        0.0000324200        0.0000156057        0.4813580886
                  84        0.0000295693        0.0000146534        0.4955601323
                  85        0.0000280369        0.0000146932        0.5240663039
                  86        0.0000263422        0.0000146573        0.5564209601
                  87        0.0000248567        0.0000134946        0.5428945831
                  88        0.0000241534        0.0000127116        0.5262838340
                  89        0.0000253267        0.0000127589        0.5037713147
                  90        0.0000266895        0.0000125196        0.4690828418
                  91        0.0000295054        0.0000134642        0.4563301414
                  92        0.0000313504        0.0000146879        0.4685075056
                  93        0.0000354570        0.0000170822        0.4817713772
                  94        0.0000365651        0.0000183153        0.5008962790
                  95        0.0000348268        0.0000177708        0.5102624746
                  96        0.0000335979        0.0000170596        0.5077575719
                  97        0.0000344911        0.0000173239        0.5022711544
                  98        0.0000275471        0.0000140203        0.5089566927
                  99        0.0000248146        0.0000131452        0.5297363853
                 100        0.0000234525        0.0000129153        0.5507001988
                 101        0.0000254013        0.0000138473        0.5451394173
                 102        0.0000307577        0.0000169640        0.5515380074
                 103        0.0000359146        0.0000200964        0.5595603863
                 104        0.0000358613        0.0000215427        0.6007239792
                 105        0.0000349528        0.0000242254        0.6930884600
                 106        0.0000352880        0.0000257405        0.7294409159
                 107        0.0000386249        0.0000248941        0.6445089963
                 108        0.0000457867        0.0000234364        0.5118591809
                 109        0.0000597754        0.0000256128        0.4284831141
                 110        0.0000889737        0.0000433838        0.4876032512
                 111        0.0000997551        0.0000526940        0.5282331018
                 112        0.0000967058        0.0000521128        0.5388796948
                 113        0.0000983225        0.0000558205        0.5677293624
                 114        0.0000936114        0.0000540454        0.5773382926
                 115        0.0000843766        0.0000496764        0.5887467892
                 116        0.0000785596        0.0000481074        0.6123690109
                 117        0.0000644567        0.0000339490        0.5266939157
                 118        0.0000715025        0.0000393810        0.5507639403
                 119        0.0000678802        0.0000345188        0.5085258485
                 120        0.0000676825        0.0000297840        0.4400551414
                 121        0.0000831803        0.0000390458        0.4694110899
                 122        0.0001027820        0.0000513182        0.4992915672
                 123        0.0001207886        0.0000616179        0.5101297433
                 124        0.0001458577        0.0000798250        0.5472796243
                 125        0.0001685398        0.0000886311        0.5258765484
                 126        0.0001760123        0.0000867872        0.4930744224
                 127        0.0001865366        0.0000898210        0.4815195105
                 128        0.0002113392        0.0001007272        0.4766136681
                 129        0.0002333087        0.0001068033        0.4577765573
                 130        0.0002562133        0.0001109475        0.4330279431
                 131        0.0002782029        0.0001115088        0.4008184343
                 132        0.0003035570        0.0001123473        0.3701029455
                 133        0.0003308685        0.0001129037        0.3412343690
                 134        0.0003597790        0.0001109325        0.3083351262
                 135        0.0003920441        0.0001061007        0.2706347035
                 136        0.0004332104        0.0001038986        0.2398341198
                 137        0.0004904173        0.0001026740        0.2093604883
                 138        0.0005707183        0.0000968147        0.1696365608
                 139        0.0006643484        0.0000914059        0.1375872709
                 140        0.0007789625        0.0000911132        0.1169673892
                 141        0.0009096161        0.0000924641        0.1016517933
                 142        0.0010629525        0.0000906270        0.0852597340
                 143        0.0012565241        0.0000846675        0.0673823422
                 144        0.0014949895        0.0000706407        0.0472516063
                 145        0.0017787493        0.0000682803        0.0383866669
                 146        0.0021302124        0.0000732813        0.0344009215
                 147        0.0025951653        0.0000792037        0.0305197062
                 148        0.0031796080        0.0000860137        0.0270516581
                 149        0.0039313664        0.0000951426        0.0242008952
                 150        0.0048808047        0.0001077126        0.0220686157
                 151        0.0061000038        0.0001159455        0.0190074455
                 152        0.0076568791        0.0001283358        0.0167608455
                 153        0.0096640261        0.0001422267        0.0147171304
                 154        0.0123022843        0.0001782852        0.0144920417
                 155        0.0157155226        0.0001978605        0.0125901300
                 156        0.0201229195        0.0002214262        0.0110036817
                 157        0.0260146776        0.0002391271        0.0091920071
                 158        0.0338336550        0.0002828664        0.0083605032
                 159        0.0443091298        0.0003301721        0.0074515601
