                 160
                   0        0.1280465329        0.0530295414        0.4141427350
                   1        0.1256432709        0.0894400248        0.7118568643
                   2        0.0535041932        0.1146523400        2.1428664373
                   3        0.1553138558        0.0866376639        0.5578231473
                   4        0.0970621293        0.0469782273        0.4840016143
                   5        0.0649634492        0.0625403477        0.9627005404
                   6        0.1283457624        0.0648677494        0.5054140332
                   7        0.1664601793        0.0530820021        0.3188870894
                   8        0.1069195996        0.0447660890        0.4186892687
                   9        0.0779270620        0.0730164511        0.9369845241
                  10        0.1140652819        0.1311884890        1.1501176062
                  11        0.1209637752        0.0866952632        0.7167043444
                  12        0.1328748978        0.0870414333        0.6550630310
                  13        0.0554217419        0.0561461127        1.0130701548
                  14       -0.0325238041        0.0782477402       -2.4058606443
                  15       -0.0394370150        0.0667937484       -1.6936816432
                  16        0.0288119837        0.0868763340        3.0152847146
                  17        0.0247649579        0.0645332297        2.6058283611
                  18       -0.0336080672        0.0926925947       -2.7580459805
                  19        0.0720824867        0.1329661974        1.8446394331
                  20        0.0238119300        0.0707718313        2.9721165481
                  21        0.0393866531        0.0399792761        1.0150462892
                  22        0.0395427390        0.0344774048        0.8719022913
                  23        0.0438292766        0.0355776006        0.8117314127
                  24        0.0070320113        0.0274101465        3.8979099191
                  25       -0.0098925342        0.0246437693       -2.4911482658
                  26       -0.0064896512        0.0341579527       -5.2634497271
                  27        0.0360933832        0.0225933762        0.6259700304
                  28        0.0480637892        0.0338980839        0.7052728156
                  29        0.0649951115        0.0518040355        0.7970451062
                  30        0.0406274658        0.0321900527        0.7923224347
                  31        0.0137369944        0.0244199231        1.7776758426
                  32        0.0343568645        0.0197771197        0.5756380843
                  33        0.0407745769        0.0347549270        0.8523675675
                  34        0.1140619818        0.0995524430        0.8727925064
                  35        0.1757276710        0.1561124554        0.8883771946
                  36        0.1230634107        0.0970232696        0.7884006228
                  37        0.2241742857        0.2338616955        1.0432137423
                  38        0.0566508496        0.1316184798        2.3233275534
                  39        0.1611977686        0.1346736329        0.8354559376
                  40        0.0106448041        0.0958030471        8.9999821391
                  41        0.0714768700        0.0640929112        0.8966944302
                  42        0.0529272072        0.0817124639        1.5438650220
                  43        0.0539557366        0.0448981217        0.8321287885
                  44        0.0624798079        0.0710261342        1.1367854126
                  45        0.0772389873        0.0547686070        0.7090798181
                  46        0.0205825655        0.0516888530        2.5112930243
                  47        0.0359390581        0.0340839795        0.9483826585
                  48        0.0191321652        0.0620932916        3.2454921261
                  49        0.0358772235        0.0239221944        0.6667794237
                  50        0.0230855072        0.0215259902        0.9324460591
                  51        0.0062772319        0.0182133430        2.9014927557
                  52        0.0158790619        0.0340441179        2.1439627863
                  53        0.0235432744        0.0320161629        1.3598857322
                  54        0.0681985207        0.0792439922        1.1619605734
                  55        0.1692581854        0.1351991893        0.7987748955
                  56        0.0751023251        0.0773113840        1.0294139881
                  57        0.1560119009        0.1236412095        0.7925113968
                  58        0.0765363569        0.0450406448        0.5884869184
                  59        0.0857511100        0.0416419755        0.4856144190
                  60        0.1041955815        0.0342015342        0.3282436141
                  61        0.1403663232        0.0688302019        0.4903612230
                  62        0.0734442760        0.0462091430        0.6291728298
                  63        0.0593549650        0.0202231040        0.3407146146
                  64        0.0887560007        0.0224158694        0.2525561004
                  65        0.0863423925        0.0235988233        0.2733167639
                  66        0.1294122119        0.0582020759        0.4497417597
                  67        0.1751961554        0.1247588490        0.7121095135
                  68        0.1178786484        0.0682032708        0.5785888433
                  69        0.2244477559        0.1726289281        0.7691274412
                  70        0.1891554334        0.1331385852        0.7038581065
                  71        0.2253621110        0.1477821357        0.6557541331
                  72        0.1831858101        0.1172914955        0.6402870146
                  73        0.0458802782        0.0270687542        0.5899867058
                  74        0.0278798847        0.0323673379        1.1609566619
                  75       -0.0986400076        0.0949214330       -0.9623015575
                  76        0.0265481406        0.0915311058        3.4477407403
                  77        0.2974256333        0.2517224188        0.8463373382
                  78        0.1880515228        0.1897985664        1.0092902388
                  79       -0.0024245459        0.0461365628      -19.0289500819
                  80        0.1259569146        0.1305317084        1.0363203070
                  81        0.1932245433        0.2504216497        1.2960136715
                  82        0.1081256696        0.1025008931        0.9479792677
                  83        0.2842559825        0.2700768112        0.9501183011
                  84        0.1522912204        0.1281488498        0.8414723417
                  85        0.0676421976        0.0351142755        0.5191178988
                  86        0.0862487424        0.0379847867        0.4404097460
                  87        0.0500797849        0.0324012229        0.6469920541
                  88        0.0534024208        0.0340577556        0.6377567735
                  89        0.0416789494        0.0397334205        0.9533210675
                  90        0.0850458461        0.0785621634        0.9237624996
                  91        0.0602565007        0.0506154731        0.8400002076
                  92        0.1406550692        0.0983113025        0.6989531421
                  93        0.0928649601        0.0707755614        0.7621341929
                  94        0.0454986698        0.0301961866        0.6636718551
                  95        0.0071643513        0.0337506845        4.7109198399
                  96        0.0153138028        0.0421037026        2.7493956398
                  97        0.0404030825        0.0362112081        0.8962486472
                  98        0.0310723407        0.0482777329        1.5537205028
                  99        0.0230947790        0.0410536147        1.7776145312
                 100       -0.0065586875        0.0237230774       -3.6170464444
                 101        0.0046300642        0.0211130572        4.5599923070
                 102        0.0547279914        0.0435914176        0.7965104602
                 103        0.0164751468        0.0252558831        1.5329686224
                 104        0.0452364727        0.0525205936        1.1610231855
                 105        0.0595111871        0.0561081895        0.9428175153
                 106        0.0287657666        0.0328404871        1.1416517268
                 107       -0.0135899073        0.0336858846       -2.4787427902
                 108        0.0253375017        0.0368439796        1.4541283508
                 109        0.0385885227        0.0365755441        0.9478347854
                 110        0.0619685144        0.1002720018        1.6181120806
                 111       -0.0197172476        0.0662544871       -3.3602300072
                 112       -0.0665806540        0.1149135822       -1.7259305129
                 113       -0.2849279205        0.2975518355       -1.0443056441
                 114       -0.1095476366        0.1167219728       -1.0654905610
                 115       -0.0860691905        0.0590950856       -0.6865997606
                 116       -0.0344646847        0.0459003797       -1.3318090693
                 117       -0.0435225971        0.0506639916       -1.1640847519
                 118       -0.0693091329        0.0881623254       -1.2720159908
                 119        0.0253009531        0.0533721550        2.1094918788
                 120       -0.0065635921        0.0546202899       -8.3217069093
                 121       -0.0099656047        0.0553472181       -5.5538243812
                 122       -0.0102794086        0.0531745798       -5.1729221060
                 123       -0.0029581702        0.0316441726      -10.6972117758
                 124        0.0018490672        0.0374275889       20.2413351672
                 125        0.0046016151        0.0278662861        6.0557620973
                 126       -0.0027980308        0.0233290812       -8.3376783664
                 127       -0.0098125146        0.0361751136       -3.6866303128
                 128        0.0023950539        0.0339916359       14.1924302548
                 129        0.0024221269        0.0263976756       10.8985519708
                 130       -0.0427406079        0.0393801245       -0.9213749284
                 131       -0.0153624361        0.0466344839       -3.0356177620
                 132        0.0137150501        0.0519500544        3.7878136845
                 133        0.0148485582        0.0326799531        2.2008839201
                 134       -0.0017229951        0.0252667122      -14.6644133243
                 135       -0.0054622750        0.0211034070       -3.8634830885
                 136       -0.0200850526        0.0349939701       -1.7422891952
                 137       -0.0155520442        0.0287960773       -1.8515943567
                 138        0.0062740511        0.0340284280        5.4236772052
                 139        0.0219482661        0.0251318373        1.1450488700
                 140        0.0058497900        0.0293491091        5.0171218097
                 141        0.0267153741        0.0262427854        0.9823102347
                 142        0.0053406712        0.0387814530        7.2615317235
                 143       -0.0843144065        0.0796440117       -0.9446073936
                 144       -0.0173759183        0.0369631988       -2.1272659153
                 145        0.0441837884        0.0363888732        0.8235797452
                 146        0.0094026456        0.0437925365        4.6574696514
                 147        0.0802736155        0.0577117237        0.7189376400
                 148        0.1097851295        0.0396887758        0.3615132212
                 149        0.0810982381        0.0454790970        0.5607901980
                 150        0.0464482770        0.0358931014        0.7727542059
                 151        0.0763286381        0.0440557812        0.5771854738
                 152        0.0978980849        0.0428316612        0.4375127590
                 153        0.0788006065        0.0677378632        0.8596109364
                 154        0.0858226541        0.0521478354        0.6076231962
                 155        0.0592323583        0.0733960935        1.2391215821
                 156        0.0680498587        0.0460428125        0.6766040866
                 157        0.0950859057        0.0276512909        0.2908032551
                 158        0.0862687841        0.0485806030        0.5631307256
                 159        0.0625705298        0.0415595850        0.6642038220
