                  20
                   0        1.0718198996
                   1        0.9483466034
                   2        1.0302340236
                   3        0.9942782360
                   4        1.0425293894
                   5        1.0085346322
                   6        0.9776268145
                   7        0.9889445988
                   8        0.9629808795
                   9        1.0638145216
                  10        1.0142552836
                  11        1.0000818814
                  12        0.9257919995
                  13        0.8919636708
                  14        0.9037221112
                  15        1.0001482006
                  16        1.0688866968
                  17        1.0112215445
                  18        0.9766708362
                  19        1.0001756980
