                   6                 160
                   0                   0        0.0360327843        0.0049994894        0.1387483511
                   0                   1        0.0287422647        0.0041984285        0.1460715955
                   0                   2        0.0204099774        0.0038881396        0.1905019055
                   0                   3        0.0169995819        0.0035577527        0.2092847205
                   0                   4        0.0104378875        0.0035307085        0.3382589165
                   0                   5        0.0079759966        0.0032589025        0.4085887548
                   0                   6        0.0052151009        0.0033999798        0.6519489968
                   0                   7        0.0042105769        0.0032570558        0.7735414647
                   0                   8        0.0015701705        0.0042851993        2.7291299406
                   0                   9        0.0000126153        0.0039441781      312.6511199393
                   0                  10        0.0005035068        0.0025865966        5.1371637220
                   0                  11        0.0001610421        0.0025891867       16.0777026807
                   0                  12        0.0031406820        0.0031278234        0.9959057928
                   0                  13        0.0008650098        0.0036194714        4.1843125901
                   0                  14       -0.0013499194        0.0039366937       -2.9162434175
                   0                  15       -0.0011619659        0.0032857117       -2.8277178465
                   0                  16        0.0020487070        0.0038930087        1.9002271789
                   0                  17        0.0024075917        0.0036428560        1.5130705275
                   0                  18        0.0050620039        0.0035964935        0.7104880833
                   0                  19        0.0055478798        0.0038772319        0.6988673164
                   0                  20        0.0058368770        0.0033178301        0.5684255610
                   0                  21        0.0050965899        0.0037189615        0.7296960407
                   0                  22        0.0032601902        0.0029456004        0.9035056829
                   0                  23        0.0020227237        0.0024568265        1.2146129882
                   0                  24        0.0012027694        0.0023113103        1.9216571508
                   0                  25       -0.0013302332        0.0026295898       -1.9767886048
                   0                  26       -0.0001536467        0.0027113935      -17.6469306992
                   0                  27       -0.0003548976        0.0024211231       -6.8220325627
                   0                  28       -0.0008100428        0.0025535249       -3.1523333320
                   0                  29       -0.0009689539        0.0027051628       -2.7918384467
                   0                  30        0.0006267381        0.0017321166        2.7637008430
                   0                  31        0.0009430987        0.0017610767        1.8673301809
                   0                  32        0.0007725870        0.0017744288        2.2967364485
                   0                  33        0.0000690468        0.0018851450       27.3024093718
                   0                  34       -0.0019927638        0.0019397832       -0.9734134754
                   0                  35       -0.0006009368        0.0019854722       -3.3039617615
                   0                  36       -0.0024052615        0.0020273015       -0.8428611760
                   0                  37       -0.0029011060        0.0020818885       -0.7176189187
                   0                  38       -0.0009554668        0.0016456447       -1.7223463358
                   0                  39       -0.0009304545        0.0022003471       -2.3648088350
                   0                  40        0.0012585481        0.0022728693        1.8059454288
                   0                  41       -0.0000280102        0.0019893164      -71.0212542488
                   0                  42       -0.0000323224        0.0023823820      -73.7067314355
                   0                  43        0.0004298365        0.0026791690        6.2329950803
                   0                  44        0.0001215934        0.0027251536       22.4120175306
                   0                  45       -0.0002662279        0.0024679937       -9.2702301004
                   0                  46        0.0018556699        0.0027326801        1.4726111415
                   0                  47        0.0016447071        0.0018599457        1.1308674530
                   0                  48        0.0021794277        0.0024297021        1.1148349263
                   0                  49        0.0024110304        0.0022775255        0.9446274597
                   0                  50        0.0028178580        0.0021364914        0.7581969568
                   0                  51        0.0039067828        0.0022751907        0.5823693904
                   0                  52        0.0048872100        0.0019898243        0.4071493237
                   0                  53        0.0042992856        0.0021638981        0.5033157228
                   0                  54        0.0044726877        0.0030937625        0.6917009810
                   0                  55        0.0043954979        0.0030562739        0.6953191571
                   0                  56        0.0035956300        0.0026902857        0.7482098344
                   0                  57        0.0050142763        0.0030253140        0.6033401165
                   0                  58        0.0046728615        0.0031207705        0.6678500047
                   0                  59        0.0025867295        0.0032849885        1.2699389519
                   0                  60        0.0024982537        0.0028948556        1.1587516878
                   0                  61        0.0026217708        0.0027380286        1.0443432353
                   0                  62        0.0007058944        0.0014887597        2.1090403776
                   0                  63        0.0013996329        0.0016159426        1.1545474665
                   0                  64        0.0004402078        0.0016576349        3.7655734212
                   0                  65       -0.0013617646        0.0016447133       -1.2077808940
                   0                  66       -0.0020662774        0.0018546861       -0.8975978305
                   0                  67       -0.0018919740        0.0019527124       -1.0321031950
                   0                  68       -0.0015081306        0.0018999196       -1.2597845168
                   0                  69       -0.0024935451        0.0027504372       -1.1030228275
                   0                  70       -0.0013302249        0.0018465037       -1.3881138944
                   0                  71        0.0003507758        0.0017934141        5.1127084164
                   0                  72        0.0001225883        0.0020046978       16.3530985084
                   0                  73       -0.0008466498        0.0024238540       -2.8628765442
                   0                  74       -0.0025353411        0.0040260889       -1.5879871092
                   0                  75       -0.0022724771        0.0031892544       -1.4034263944
                   0                  76       -0.0028770158        0.0024126483       -0.8385940387
                   0                  77       -0.0046687819        0.0028790787       -0.6166659192
                   0                  78       -0.0029979224        0.0016559797       -0.5523757741
                   0                  79       -0.0045084859        0.0033826408       -0.7502831034
                   0                  80       -0.0032640262        0.0031545175       -0.9664498267
                   0                  81       -0.0013634766        0.0017269095       -1.2665486535
                   0                  82       -0.0036066189        0.0018201677       -0.5046742485
                   0                  83       -0.0015178619        0.0019811426       -1.3052192316
                   0                  84        0.0002455994        0.0015390268        6.2664113606
                   0                  85        0.0002512261        0.0011296456        4.4965299996
                   0                  86       -0.0012673305        0.0016376520       -1.2922058641
                   0                  87       -0.0011027341        0.0014081206       -1.2769357582
                   0                  88       -0.0011112606        0.0014193980       -1.2772864470
                   0                  89       -0.0005483034        0.0012113721       -2.2093099600
                   0                  90       -0.0008656727        0.0015655131       -1.8084353314
                   0                  91       -0.0014544922        0.0016480946       -1.1331064705
                   0                  92       -0.0019303617        0.0023814128       -1.2336614622
                   0                  93       -0.0009281761        0.0020641191       -2.2238442081
                   0                  94       -0.0000355823        0.0013156090      -36.9736534210
                   0                  95       -0.0015632729        0.0013972897       -0.8938233157
                   0                  96       -0.0007501029        0.0016214075       -2.1615801366
                   0                  97       -0.0020393868        0.0024468529       -1.1997983378
                   0                  98       -0.0009962331        0.0020073208       -2.0149106366
                   0                  99        0.0004962641        0.0023565791        4.7486388593
                   0                 100        0.0006178722        0.0016203334        2.6224410300
                   0                 101        0.0005718453        0.0022084837        3.8620300000
                   0                 102        0.0015953938        0.0019992133        1.2531158428
                   0                 103        0.0004343417        0.0010951368        2.5213714070
                   0                 104        0.0015747358        0.0012935565        0.8214435371
                   0                 105       -0.0014531029        0.0017678756       -1.2166210380
                   0                 106       -0.0012716887        0.0018416742       -1.4482114353
                   0                 107       -0.0002946686        0.0017594792       -5.9710445649
                   0                 108       -0.0011732651        0.0017904483       -1.5260389890
                   0                 109        0.0008963459        0.0015458313        1.7245922667
                   0                 110       -0.0019464906        0.0015671917       -0.8051370801
                   0                 111        0.0017225919        0.0024792635        1.4392634423
                   0                 112        0.0021268748        0.0031395473        1.4761316816
                   0                 113        0.0022018169        0.0033013098        1.4993571426
                   0                 114        0.0000695527        0.0037166465       53.4364056079
                   0                 115        0.0013825353        0.0029632750        2.1433629298
                   0                 116       -0.0002208230        0.0029212675      -13.2289991660
                   0                 117        0.0007193453        0.0028145689        3.9126813625
                   0                 118        0.0014555527        0.0023504052        1.6147853200
                   0                 119        0.0002225535        0.0018176309        8.1671652083
                   0                 120        0.0020806680        0.0022905553        1.1008749496
                   0                 121        0.0025594263        0.0037947051        1.4826389277
                   0                 122        0.0022674710        0.0036341879        1.6027494372
                   0                 123        0.0039848265        0.0027536162        0.6910253769
                   0                 124        0.0045362504        0.0044364074        0.9779899669
                   0                 125        0.0032791050        0.0033467766        1.0206372364
                   0                 126        0.0054017311        0.0038900161        0.7201424877
                   0                 127        0.0038537198        0.0026346238        0.6836573298
                   0                 128        0.0025600650        0.0034597601        1.3514345047
                   0                 129        0.0034216770        0.0028758616        0.8404830942
                   0                 130        0.0015571975        0.0033968930        2.1814143222
                   0                 131        0.0022270945        0.0027919729        1.2536391798
                   0                 132        0.0033438098        0.0028686385        0.8578952362
                   0                 133        0.0052103568        0.0025847190        0.4960733203
                   0                 134        0.0062488547        0.0027162526        0.4346800761
                   0                 135        0.0081001193        0.0032611443        0.4026044827
                   0                 136        0.0130515879        0.0035972614        0.2756186792
                   0                 137        0.0119261550        0.0032083952        0.2690217553
                   0                 138        0.0156237177        0.0034575559        0.2213017370
                   0                 139        0.0190765957        0.0023029353        0.1207204543
                   0                 140        0.0210477990        0.0026237698        0.1246576806
                   0                 141        0.0222387225        0.0022962398        0.1032541221
                   0                 142        0.0263694236        0.0025124412        0.0952785792
                   0                 143        0.0302071196        0.0032405341        0.1072771646
                   0                 144        0.0377590300        0.0033223769        0.0879889369
                   0                 145        0.0444355442        0.0027774667        0.0625055181
                   0                 146        0.0557207116        0.0031721244        0.0569290001
                   0                 147        0.0671573730        0.0032102249        0.0478015260
                   0                 148        0.0829553025        0.0038041600        0.0458579484
                   0                 149        0.1023396775        0.0044209677        0.0431989604
                   0                 150        0.1221712578        0.0052551177        0.0430143535
                   0                 151        0.1528335152        0.0046560051        0.0304645557
                   0                 152        0.1831580650        0.0042670024        0.0232968303
                   0                 153        0.2268584046        0.0053125459        0.0234178933
                   0                 154        0.2784351448        0.0049795208        0.0178839521
                   0                 155        0.3375500421        0.0041269512        0.0122261907
                   0                 156        0.4174995543        0.0041614839        0.0099676368
                   0                 157        0.5083033534        0.0040439156        0.0079557131
                   0                 158        0.6265314740        0.0032702741        0.0052196486
                   0                 159        0.7768274146        0.0041731835        0.0053720858
                   1                   0        0.0812814548        0.0036783928        0.0452550069
                   1                   1        0.0685813616        0.0045346325        0.0661204796
                   1                   2        0.0552988112        0.0043162271        0.0780528010
                   1                   3        0.0460377081        0.0037421790        0.0812850853
                   1                   4        0.0400952916        0.0032704189        0.0815661585
                   1                   5        0.0343860861        0.0036480807        0.1060917675
                   1                   6        0.0307743188        0.0034019395        0.1105447550
                   1                   7        0.0301573853        0.0036625846        0.1214490118
                   1                   8        0.0306127872        0.0037406336        0.1221918650
                   1                   9        0.0283079864        0.0039220446        0.1385490490
                   1                  10        0.0242978966        0.0049351013        0.2031081688
                   1                  11        0.0218137383        0.0043036716        0.1972917970
                   1                  12        0.0173658142        0.0043570819        0.2508999511
                   1                  13        0.0150647899        0.0043106869        0.2861431837
                   1                  14        0.0147623797        0.0039694532        0.2688897915
                   1                  15        0.0138098060        0.0034876927        0.2525518959
                   1                  16        0.0106559224        0.0036919957        0.3464735893
                   1                  17        0.0091431491        0.0031842724        0.3482686768
                   1                  18        0.0084639543        0.0034361128        0.4059701541
                   1                  19        0.0050135185        0.0030344564        0.6052548573
                   1                  20        0.0003289242        0.0029770848        9.0509753389
                   1                  21        0.0001021859        0.0026246286       25.6848539096
                   1                  22       -0.0006178295        0.0024189521       -3.9152422062
                   1                  23       -0.0006258852        0.0027801367       -4.4419277485
                   1                  24       -0.0007357059        0.0028100822       -3.8195729653
                   1                  25        0.0002059386        0.0024986340       12.1329050180
                   1                  26        0.0010620543        0.0029003253        2.7308634860
                   1                  27        0.0010101583        0.0025949746        2.5688792431
                   1                  28       -0.0003660302        0.0022134375       -6.0471445042
                   1                  29       -0.0041750369        0.0026702462       -0.6395742854
                   1                  30       -0.0033679036        0.0029581082       -0.8783233072
                   1                  31       -0.0009478739        0.0027732532       -2.9257618050
                   1                  32       -0.0017568126        0.0023370551       -1.3302813554
                   1                  33       -0.0023724316        0.0021529292       -0.9074778849
                   1                  34       -0.0021190329        0.0021229450       -1.0018461801
                   1                  35       -0.0007448274        0.0020665701       -2.7745623159
                   1                  36        0.0000609222        0.0025107601       41.2125579021
                   1                  37       -0.0011902923        0.0022131383       -1.8593233143
                   1                  38       -0.0001590408        0.0022159515      -13.9332291854
                   1                  39        0.0002909032        0.0025577272        8.7923644444
                   1                  40        0.0029927935        0.0026615830        0.8893306506
                   1                  41        0.0042124972        0.0031756767        0.7538703358
                   1                  42        0.0033091018        0.0033465369        1.0113127590
                   1                  43        0.0038666161        0.0034930248        0.9033802753
                   1                  44        0.0034735961        0.0036501618        1.0508308091
                   1                  45        0.0021802559        0.0035480726        1.6273651774
                   1                  46        0.0012778785        0.0030917961        2.4194758211
                   1                  47       -0.0003570455        0.0029793037       -8.3443241475
                   1                  48       -0.0014190541        0.0032950504       -2.3220047952
                   1                  49       -0.0014310884        0.0027884637       -1.9484916121
                   1                  50       -0.0012228475        0.0027294058       -2.2320082731
                   1                  51       -0.0002018799        0.0026363849      -13.0591767373
                   1                  52        0.0002580276        0.0024311147        9.4219182420
                   1                  53        0.0010076373        0.0026138033        2.5939920998
                   1                  54        0.0028796487        0.0027921044        0.9695989891
                   1                  55        0.0033486296        0.0035236590        1.0522689594
                   1                  56        0.0041394429        0.0030039489        0.7256891610
                   1                  57        0.0045691734        0.0031191660        0.6826543288
                   1                  58        0.0042940575        0.0028881278        0.6725871271
                   1                  59        0.0045948978        0.0028673651        0.6240323991
                   1                  60        0.0024530860        0.0027654924        1.1273524061
                   1                  61        0.0028730194        0.0029441604        1.0247617503
                   1                  62        0.0006276047        0.0030386297        4.8416298216
                   1                  63        0.0012725607        0.0025458033        2.0005358494
                   1                  64       -0.0010046762        0.0026748529       -2.6624029607
                   1                  65       -0.0008101452        0.0019189511       -2.3686506801
                   1                  66       -0.0014927103        0.0016411021       -1.0994109683
                   1                  67        0.0004128284        0.0015740599        3.8128677862
                   1                  68        0.0008226140        0.0014087294        1.7125034728
                   1                  69        0.0007273664        0.0012938637        1.7788333860
                   1                  70        0.0003952186        0.0013168556        3.3319675071
                   1                  71       -0.0006074100        0.0020227863       -3.3301828321
                   1                  72       -0.0007616478        0.0018497550       -2.4286224652
                   1                  73        0.0030769118        0.0014448490        0.4695776395
                   1                  74        0.0041204070        0.0015767840        0.3826767646
                   1                  75        0.0042123138        0.0024267689        0.5761130489
                   1                  76        0.0010270613        0.0020907766        2.0356882964
                   1                  77       -0.0003567874        0.0039031479      -10.9397027733
                   1                  78        0.0013131261        0.0033893263        2.5811125074
                   1                  79        0.0020096739        0.0026469979        1.3171280542
                   1                  80        0.0004372542        0.0037432244        8.5607517331
                   1                  81       -0.0019949319        0.0039728529       -1.9914729344
                   1                  82       -0.0016906901        0.0028641890       -1.6940946548
                   1                  83       -0.0016351297        0.0036614852       -2.2392628681
                   1                  84       -0.0009794138        0.0024214676       -2.4723640791
                   1                  85       -0.0003306392        0.0024127727       -7.2972970198
                   1                  86        0.0020710956        0.0028670470        1.3843141508
                   1                  87        0.0023689309        0.0027766402        1.1721068616
                   1                  88       -0.0005459612        0.0034244331       -6.2723010179
                   1                  89       -0.0001478965        0.0031320665      -21.1774278742
                   1                  90       -0.0010287280        0.0030661038       -2.9804804591
                   1                  91        0.0002110150        0.0024974634       11.8354775341
                   1                  92        0.0020979215        0.0026668930        1.2712072418
                   1                  93        0.0029244246        0.0019624472        0.6710541449
                   1                  94        0.0023964245        0.0019836155        0.8277396298
                   1                  95        0.0004937955        0.0021572457        4.3687025093
                   1                  96        0.0002155576        0.0024548906       11.3885601340
                   1                  97        0.0025158998        0.0023876816        0.9490368406
                   1                  98        0.0059136890        0.0030105774        0.5090861840
                   1                  99        0.0080600502        0.0033051085        0.4100605348
                   1                 100        0.0051534996        0.0032107237        0.6230181334
                   1                 101        0.0074909304        0.0037701119        0.5032902031
                   1                 102        0.0064692524        0.0043310237        0.6694782336
                   1                 103        0.0057237969        0.0039698933        0.6935768915
                   1                 104        0.0052889605        0.0046837114        0.8855636921
                   1                 105        0.0051249733        0.0051611424        1.0070574373
                   1                 106        0.0050467680        0.0045613896        0.9038239075
                   1                 107        0.0045885933        0.0034288762        0.7472608701
                   1                 108        0.0026353868        0.0053408442        2.0265883515
                   1                 109        0.0042244769        0.0048690277        1.1525753006
                   1                 110        0.0017676751        0.0078986276        4.4683707449
                   1                 111        0.0016041385        0.0053889528        3.3594061423
                   1                 112        0.0021420566        0.0042800581        1.9981068858
                   1                 113        0.0023264581        0.0050261176        2.1604161537
                   1                 114        0.0037695584        0.0046805194        1.2416625341
                   1                 115        0.0081863004        0.0041237503        0.5037379578
                   1                 116        0.0093194191        0.0032726151        0.3511608424
                   1                 117        0.0100443040        0.0038236873        0.3806821501
                   1                 118        0.0158588387        0.0046743483        0.2947472008
                   1                 119        0.0152628845        0.0031489891        0.2063167767
                   1                 120        0.0160859474        0.0034883572        0.2168574265
                   1                 121        0.0183295749        0.0046129808        0.2516687290
                   1                 122        0.0215620780        0.0040903754        0.1897022841
                   1                 123        0.0206012903        0.0034411205        0.1670342227
                   1                 124        0.0222002979        0.0038522816        0.1735238692
                   1                 125        0.0266526870        0.0032397150        0.1215530363
                   1                 126        0.0288695169        0.0035360146        0.1224826373
                   1                 127        0.0321668643        0.0038076223        0.1183709488
                   1                 128        0.0335898658        0.0037806218        0.1125524542
                   1                 129        0.0418874828        0.0035794885        0.0854548479
                   1                 130        0.0450461769        0.0034156831        0.0758262587
                   1                 131        0.0472605198        0.0039426533        0.0834238249
                   1                 132        0.0541065507        0.0046826612        0.0865451813
                   1                 133        0.0576736034        0.0052726424        0.0914221077
                   1                 134        0.0600435701        0.0057957481        0.0965257084
                   1                 135        0.0645181339        0.0050873587        0.0788516089
                   1                 136        0.0710516554        0.0045586737        0.0641599931
                   1                 137        0.0759666514        0.0046863922        0.0616901250
                   1                 138        0.0833237670        0.0046424491        0.0557157854
                   1                 139        0.0908652774        0.0043266994        0.0476166424
                   1                 140        0.0994153783        0.0040622627        0.0408615126
                   1                 141        0.1099580881        0.0038695308        0.0351909615
                   1                 142        0.1252034807        0.0052060093        0.0415803879
                   1                 143        0.1388449241        0.0058271746        0.0419689420
                   1                 144        0.1542088035        0.0062039569        0.0402308865
                   1                 145        0.1730158470        0.0055926042        0.0323242311
                   1                 146        0.1937604121        0.0060465040        0.0312060857
                   1                 147        0.2135620033        0.0065443637        0.0306438578
                   1                 148        0.2442384863        0.0054858852        0.0224611826
                   1                 149        0.2700333858        0.0057881907        0.0214350927
                   1                 150        0.2979279512        0.0048719954        0.0163529315
                   1                 151        0.3357082345        0.0061384139        0.0182849668
                   1                 152        0.3714481192        0.0054479961        0.0146669099
                   1                 153        0.4169369245        0.0055226087        0.0132456695
                   1                 154        0.4610305235        0.0042873799        0.0092995575
                   1                 155        0.5151114631        0.0039528548        0.0076737854
                   1                 156        0.5774461866        0.0027795352        0.0048134965
                   1                 157        0.6457294179        0.0035157279        0.0054445837
                   1                 158        0.7265582596        0.0030643181        0.0042175808
                   1                 159        0.8164480066        0.0034364619        0.0042090395
                   2                   0        0.5111881343        0.0145665255        0.0284954296
                   2                   1        0.4767561347        0.0151700356        0.0318192773
                   2                   2        0.4442884754        0.0142703775        0.0321196211
                   2                   3        0.4169026187        0.0126577918        0.0303615072
                   2                   4        0.3902344947        0.0107358045        0.0275111622
                   2                   5        0.3685942474        0.0110585797        0.0300020410
                   2                   6        0.3491237428        0.0101791151        0.0291561810
                   2                   7        0.3317192921        0.0108759490        0.0327866039
                   2                   8        0.3211833846        0.0101520673        0.0316083203
                   2                   9        0.3077913631        0.0098341566        0.0319507232
                   2                  10        0.2880693877        0.0099779134        0.0346371876
                   2                  11        0.2662357531        0.0091924254        0.0345273889
                   2                  12        0.2520304365        0.0093976624        0.0372878074
                   2                  13        0.2357472401        0.0093099255        0.0394911326
                   2                  14        0.2296147137        0.0096405963        0.0419859690
                   2                  15        0.2206397908        0.0091516317        0.0414777031
                   2                  16        0.2097456343        0.0090858151        0.0433182559
                   2                  17        0.2004211369        0.0078164423        0.0390000896
                   2                  18        0.1876998583        0.0085722756        0.0456701228
                   2                  19        0.1703238504        0.0091229409        0.0535623218
                   2                  20        0.1604642556        0.0089881553        0.0560134420
                   2                  21        0.1558705861        0.0093535369        0.0600083515
                   2                  22        0.1451823883        0.0092687876        0.0638423687
                   2                  23        0.1347987284        0.0086065669        0.0638475376
                   2                  24        0.1257629153        0.0079438311        0.0631651314
                   2                  25        0.1154042367        0.0068464640        0.0593259329
                   2                  26        0.1106908371        0.0070514553        0.0637040564
                   2                  27        0.1071196169        0.0063917337        0.0596691243
                   2                  28        0.0998874748        0.0065098940        0.0651722751
                   2                  29        0.0926990073        0.0072516969        0.0782284205
                   2                  30        0.0856086197        0.0069657251        0.0813671001
                   2                  31        0.0812795484        0.0071379496        0.0878197496
                   2                  32        0.0745108586        0.0068566830        0.0920226012
                   2                  33        0.0706221372        0.0062242999        0.0881352525
                   2                  34        0.0663824417        0.0064333102        0.0969128288
                   2                  35        0.0606738972        0.0072116868        0.1188597920
                   2                  36        0.0594857233        0.0059099096        0.0993500509
                   2                  37        0.0576274285        0.0074468473        0.1292240082
                   2                  38        0.0584630956        0.0071080698        0.1215821657
                   2                  39        0.0583067840        0.0081910571        0.1404820600
                   2                  40        0.0554633073        0.0082457594        0.1486705316
                   2                  41        0.0535773784        0.0077881480        0.1453626185
                   2                  42        0.0510680306        0.0072706824        0.1423724844
                   2                  43        0.0505657512        0.0064978147        0.1285022878
                   2                  44        0.0481602202        0.0063709266        0.1322860770
                   2                  45        0.0466342449        0.0063226023        0.1355785277
                   2                  46        0.0435982108        0.0060891758        0.1396657273
                   2                  47        0.0415450071        0.0060763399        0.1462592096
                   2                  48        0.0378919405        0.0061456363        0.1621884817
                   2                  49        0.0348875296        0.0058217885        0.1668730511
                   2                  50        0.0363460608        0.0054674390        0.1504272781
                   2                  51        0.0337279054        0.0044362178        0.1315295965
                   2                  52        0.0315460053        0.0045480859        0.1441731180
                   2                  53        0.0326226819        0.0043738998        0.1340754209
                   2                  54        0.0319617676        0.0045426463        0.1421275053
                   2                  55        0.0296385677        0.0050361464        0.1699186835
                   2                  56        0.0303648357        0.0049847815        0.1641629677
                   2                  57        0.0281061523        0.0056035182        0.1993698076
                   2                  58        0.0295785974        0.0059336751        0.2006070465
                   2                  59        0.0268856634        0.0063356190        0.2356504619
                   2                  60        0.0258189109        0.0062875020        0.2435231291
                   2                  61        0.0273816623        0.0065350518        0.2386652672
                   2                  62        0.0254482879        0.0067333588        0.2645898549
                   2                  63        0.0263125651        0.0062198953        0.2363849844
                   2                  64        0.0266398103        0.0064031073        0.2403585909
                   2                  65        0.0241678375        0.0058928195        0.2438289962
                   2                  66        0.0241749806        0.0061740409        0.2553896934
                   2                  67        0.0254021037        0.0056536266        0.2225652924
                   2                  68        0.0251373775        0.0048898964        0.1945269122
                   2                  69        0.0265976003        0.0051287093        0.1928260153
                   2                  70        0.0257812963        0.0044855253        0.1739837008
                   2                  71        0.0203621746        0.0040363390        0.1982273059
                   2                  72        0.0208310005        0.0034851516        0.1673060094
                   2                  73        0.0216348815        0.0030379738        0.1404201722
                   2                  74        0.0243410208        0.0039867254        0.1637862873
                   2                  75        0.0232300142        0.0044681338        0.1923431345
                   2                  76        0.0220379485        0.0043390514        0.1968899890
                   2                  77        0.0240453359        0.0044577553        0.1853896024
                   2                  78        0.0266732618        0.0045102762        0.1690935360
                   2                  79        0.0285006615        0.0056971601        0.1998957147
                   2                  80        0.0282502276        0.0057299155        0.2028272316
                   2                  81        0.0285473505        0.0054675639        0.1915261412
                   2                  82        0.0299686498        0.0053229015        0.1776156601
                   2                  83        0.0284301233        0.0054698606        0.1923966539
                   2                  84        0.0296099301        0.0058151944        0.1963933842
                   2                  85        0.0314902304        0.0055456275        0.1761062866
                   2                  86        0.0313509974        0.0065733551        0.2096697274
                   2                  87        0.0303954796        0.0055413628        0.1823087787
                   2                  88        0.0311429643        0.0060037720        0.1927810069
                   2                  89        0.0291064628        0.0062659141        0.2152756984
                   2                  90        0.0293567717        0.0066951269        0.2280607338
                   2                  91        0.0290206546        0.0063444228        0.2186174959
                   2                  92        0.0313556877        0.0059580689        0.1900155696
                   2                  93        0.0290187152        0.0056508536        0.1947313511
                   2                  94        0.0269175820        0.0049770727        0.1849004389
                   2                  95        0.0295634687        0.0050762317        0.1717062263
                   2                  96        0.0302747694        0.0057594388        0.1902388979
                   2                  97        0.0337212795        0.0063112472        0.1871591863
                   2                  98        0.0355685388        0.0068547813        0.1927203516
                   2                  99        0.0359019104        0.0071062297        0.1979345847
                   2                 100        0.0350733884        0.0073386264        0.2092363097
                   2                 101        0.0363818937        0.0071859669        0.1975149230
                   2                 102        0.0367544909        0.0085421165        0.2324101423
                   2                 103        0.0359524758        0.0074416468        0.2069856563
                   2                 104        0.0421759061        0.0090541794        0.2146765838
                   2                 105        0.0449643009        0.0086219905        0.1917519086
                   2                 106        0.0459393749        0.0082055340        0.1786165796
                   2                 107        0.0470535928        0.0078931585        0.1677482644
                   2                 108        0.0532742865        0.0095386289        0.1790475211
                   2                 109        0.0522792045        0.0089609904        0.1714064038
                   2                 110        0.0557676123        0.0099508580        0.1784343558
                   2                 111        0.0568265626        0.0085204051        0.1499370139
                   2                 112        0.0597842469        0.0088702248        0.1483706038
                   2                 113        0.0615484209        0.0091870262        0.1492650193
                   2                 114        0.0628669281        0.0078390589        0.1246928893
                   2                 115        0.0632895787        0.0077314352        0.1221596888
                   2                 116        0.0607293507        0.0067493618        0.1111383830
                   2                 117        0.0635309764        0.0064779747        0.1019656085
                   2                 118        0.0666745437        0.0064234572        0.0963404745
                   2                 119        0.0683603349        0.0064222421        0.0939469086
                   2                 120        0.0736756344        0.0071293341        0.0967665107
                   2                 121        0.0749739793        0.0068629708        0.0915380363
                   2                 122        0.0781856209        0.0077933743        0.0996778463
                   2                 123        0.0787499834        0.0074865208        0.0950669504
                   2                 124        0.0829317499        0.0081851277        0.0986971544
                   2                 125        0.0835761016        0.0080907972        0.0968075443
                   2                 126        0.0876930146        0.0090885645        0.1036406899
                   2                 127        0.0920681851        0.0089769305        0.0975030679
                   2                 128        0.0901648614        0.0091624686        0.1016190614
                   2                 129        0.0947165193        0.0086567114        0.0913960038
                   2                 130        0.0985626142        0.0091169703        0.0924992749
                   2                 131        0.0980801472        0.0092863530        0.0946812714
                   2                 132        0.1057587847        0.0104280368        0.0986020862
                   2                 133        0.1164360519        0.0112977104        0.0970293155
                   2                 134        0.1206894628        0.0114253153        0.0946670488
                   2                 135        0.1232437377        0.0103941080        0.0843378183
                   2                 136        0.1334088103        0.0104595801        0.0784024692
                   2                 137        0.1373900513        0.0111871307        0.0814260609
                   2                 138        0.1429440959        0.0106257297        0.0743348623
                   2                 139        0.1489336910        0.0108019569        0.0725286320
                   2                 140        0.1523998368        0.0098376583        0.0645516326
                   2                 141        0.1628957825        0.0096699424        0.0593627551
                   2                 142        0.1726153651        0.0097491857        0.0564792459
                   2                 143        0.1810254928        0.0096013380        0.0530385959
                   2                 144        0.1892076992        0.0100237134        0.0529773018
                   2                 145        0.1983820395        0.0114157490        0.0575442669
                   2                 146        0.2108174272        0.0122317903        0.0580207740
                   2                 147        0.2270259676        0.0116931216        0.0515056570
                   2                 148        0.2405916439        0.0121430232        0.0504715085
                   2                 149        0.2491703016        0.0122022443        0.0489715035
                   2                 150        0.2620463513        0.0116833961        0.0445852272
                   2                 151        0.2762236865        0.0111161602        0.0402433271
                   2                 152        0.2915893341        0.0110791591        0.0379957626
                   2                 153        0.3149628796        0.0116786747        0.0370795274
                   2                 154        0.3376643894        0.0119142573        0.0352843168
                   2                 155        0.3528639676        0.0121947713        0.0345594123
                   2                 156        0.3684205067        0.0124033258        0.0336662200
                   2                 157        0.3953549701        0.0135811995        0.0343519130
                   2                 158        0.4195687929        0.0143694313        0.0342480937
                   2                 159        0.4502373262        0.0142186950        0.0315804448
                   3                   0        0.5039316125        0.0190614446        0.0378254592
                   3                   1        0.4714069369        0.0204208751        0.0433189957
                   3                   2        0.4404948414        0.0206509641        0.0468812848
                   3                   3        0.4127175795        0.0206731718        0.0500903592
                   3                   4        0.3914456329        0.0184565416        0.0471496936
                   3                   5        0.3679884940        0.0182741312        0.0496595180
                   3                   6        0.3503918556        0.0160385653        0.0457732250
                   3                   7        0.3317258078        0.0161191049        0.0485916517
                   3                   8        0.3167313666        0.0172506916        0.0544647401
                   3                   9        0.3085102939        0.0172837258        0.0560231737
                   3                  10        0.2846107941        0.0188420305        0.0662027966
                   3                  11        0.2672746943        0.0173725038        0.0649986854
                   3                  12        0.2487809123        0.0153723790        0.0617908296
                   3                  13        0.2359815743        0.0146721944        0.0621751696
                   3                  14        0.2285928268        0.0132222432        0.0578418989
                   3                  15        0.2152101812        0.0144649710        0.0672132279
                   3                  16        0.2066647015        0.0153539343        0.0742939369
                   3                  17        0.2019627766        0.0160976793        0.0797061693
                   3                  18        0.1896021179        0.0144509330        0.0762171496
                   3                  19        0.1794231865        0.0148143911        0.0825667596
                   3                  20        0.1703413156        0.0155163082        0.0910895173
                   3                  21        0.1611179198        0.0148439967        0.0921312582
                   3                  22        0.1554823301        0.0143844452        0.0925149835
                   3                  23        0.1480436345        0.0139621860        0.0943112892
                   3                  24        0.1401891776        0.0130453445        0.0930552895
                   3                  25        0.1348836769        0.0132647492        0.0983421380
                   3                  26        0.1352911998        0.0143733243        0.1062399059
                   3                  27        0.1257857113        0.0121228490        0.0963769957
                   3                  28        0.1208434238        0.0124739536        0.1032240991
                   3                  29        0.1112174305        0.0113417022        0.1019777397
                   3                  30        0.1024734510        0.0098462021        0.0960853958
                   3                  31        0.0964152166        0.0093450599        0.0969251556
                   3                  32        0.0916787578        0.0091297227        0.0995838395
                   3                  33        0.0912224236        0.0105568781        0.1157267885
                   3                  34        0.0890140703        0.0117394661        0.1318832633
                   3                  35        0.0820609215        0.0105916029        0.1290699969
                   3                  36        0.0801778887        0.0104357097        0.1301569533
                   3                  37        0.0769711446        0.0115065037        0.1494911342
                   3                  38        0.0723457007        0.0106857592        0.1477041361
                   3                  39        0.0720916670        0.0100173557        0.1389530321
                   3                  40        0.0664354492        0.0091591393        0.1378652423
                   3                  41        0.0608449377        0.0089369298        0.1468804172
                   3                  42        0.0600641601        0.0095178010        0.1584605691
                   3                  43        0.0566648244        0.0094259092        0.1663449828
                   3                  44        0.0515893180        0.0101960214        0.1976382276
                   3                  45        0.0532311866        0.0083361099        0.1566019929
                   3                  46        0.0500563106        0.0091824731        0.1834428654
                   3                  47        0.0467424008        0.0082691912        0.1769098508
                   3                  48        0.0456539749        0.0087264954        0.1911442640
                   3                  49        0.0455385223        0.0086299721        0.1895092702
                   3                  50        0.0428725101        0.0085447699        0.1993065003
                   3                  51        0.0411098105        0.0084999781        0.2067627649
                   3                  52        0.0446324522        0.0083553467        0.1872033973
                   3                  53        0.0472603156        0.0102785953        0.2174889269
                   3                  54        0.0487191768        0.0110319461        0.2264395011
                   3                  55        0.0508962127        0.0114012786        0.2240103545
                   3                  56        0.0484054095        0.0105162959        0.2172545584
                   3                  57        0.0456959412        0.0102450655        0.2242007758
                   3                  58        0.0422427137        0.0090148299        0.2134055591
                   3                  59        0.0438889974        0.0086294515        0.1966199271
                   3                  60        0.0438544930        0.0089488446        0.2040576459
                   3                  61        0.0510354428        0.0117862936        0.2309432996
                   3                  62        0.0480723697        0.0108040879        0.2247463137
                   3                  63        0.0428606712        0.0095913954        0.2237808031
                   3                  64        0.0395381311        0.0083157820        0.2103230929
                   3                  65        0.0418301787        0.0090700702        0.2168307780
                   3                  66        0.0388049488        0.0083727149        0.2157641001
                   3                  67        0.0302011084        0.0087592327        0.2900301733
                   3                  68        0.0294923246        0.0086373407        0.2928674101
                   3                  69        0.0245294213        0.0108613749        0.4427896919
                   3                  70        0.0262441566        0.0120180300        0.4579316535
                   3                  71        0.0255500079        0.0117945311        0.4616253431
                   3                  72        0.0230913202        0.0104698081        0.4534088115
                   3                  73        0.0255791881        0.0073111717        0.2858250112
                   3                  74        0.0250828928        0.0058640168        0.2337855082
                   3                  75        0.0255786435        0.0053614436        0.2096062522
                   3                  76        0.0294624075        0.0062347806        0.2116181660
                   3                  77        0.0308528832        0.0078165563        0.2533492983
                   3                  78        0.0299821155        0.0070172817        0.2340489192
                   3                  79        0.0312491119        0.0062494291        0.1999874149
                   3                  80        0.0317062292        0.0077213965        0.2435293233
                   3                  81        0.0352536785        0.0087834701        0.2491504554
                   3                  82        0.0338318631        0.0075151181        0.2221313712
                   3                  83        0.0337011210        0.0085300801        0.2531096832
                   3                  84        0.0306585754        0.0075425040        0.2460161263
                   3                  85        0.0261957455        0.0078653842        0.3002542625
                   3                  86        0.0245749061        0.0069497865        0.2828001231
                   3                  87        0.0212887543        0.0065440472        0.3073945561
                   3                  88        0.0206405009        0.0070428751        0.3412162905
                   3                  89        0.0213288536        0.0072159998        0.3383210324
                   3                  90        0.0236160546        0.0072784192        0.3081979329
                   3                  91        0.0226753297        0.0074453849        0.3283473728
                   3                  92        0.0239175965        0.0086221570        0.3604942923
                   3                  93        0.0270646620        0.0082031934        0.3030960950
                   3                  94        0.0287768767        0.0086303117        0.2999043919
                   3                  95        0.0272838298        0.0081921868        0.3002579509
                   3                  96        0.0259931715        0.0087782919        0.3377153065
                   3                  97        0.0279512174        0.0092489498        0.3308961345
                   3                  98        0.0318034519        0.0083609738        0.2628951656
                   3                  99        0.0321908037        0.0084783174        0.2633770028
                   3                 100        0.0345452818        0.0064559215        0.1868828725
                   3                 101        0.0333789876        0.0060743276        0.1819805834
                   3                 102        0.0316912178        0.0053363558        0.1683859500
                   3                 103        0.0311413237        0.0058941379        0.1892706294
                   3                 104        0.0304235162        0.0072626342        0.2387177778
                   3                 105        0.0339163676        0.0057416416        0.1692882238
                   3                 106        0.0371022105        0.0057045229        0.1537515649
                   3                 107        0.0353692013        0.0070064545        0.1980947885
                   3                 108        0.0298075351        0.0083536015        0.2802513356
                   3                 109        0.0364322771        0.0087522772        0.2402341527
                   3                 110        0.0379351805        0.0101330308        0.2671143417
                   3                 111        0.0456781172        0.0100324292        0.2196331587
                   3                 112        0.0565870393        0.0109043349        0.1927002205
                   3                 113        0.0583574247        0.0132507302        0.2270616002
                   3                 114        0.0548599427        0.0106534205        0.1941930663
                   3                 115        0.0550594464        0.0098305329        0.1785439844
                   3                 116        0.0601815119        0.0079607888        0.1322796403
                   3                 117        0.0617524065        0.0108576206        0.1758250595
                   3                 118        0.0661266777        0.0094102600        0.1423065593
                   3                 119        0.0645367554        0.0090760213        0.1406333680
                   3                 120        0.0658545583        0.0080928433        0.1228896446
                   3                 121        0.0625025654        0.0084975486        0.1359551973
                   3                 122        0.0667375923        0.0080862929        0.1211654874
                   3                 123        0.0699938344        0.0073382789        0.1048417896
                   3                 124        0.0747871365        0.0078167216        0.1045195997
                   3                 125        0.0763641101        0.0074413501        0.0974456472
                   3                 126        0.0815546530        0.0080290279        0.0984496603
                   3                 127        0.0859298005        0.0083517254        0.0971924220
                   3                 128        0.0915229051        0.0082217001        0.0898321583
                   3                 129        0.1007784196        0.0081926301        0.0812934968
                   3                 130        0.1053332846        0.0091364501        0.0867384905
                   3                 131        0.1113153033        0.0086077667        0.0773277923
                   3                 132        0.1166895893        0.0098893678        0.0847493585
                   3                 133        0.1162910606        0.0084299462        0.0724900617
                   3                 134        0.1242590168        0.0096061288        0.0773072979
                   3                 135        0.1315965241        0.0087149110        0.0662244770
                   3                 136        0.1365999054        0.0091700927        0.0671310327
                   3                 137        0.1412581927        0.0094283766        0.0667456973
                   3                 138        0.1483694161        0.0090751520        0.0611659214
                   3                 139        0.1556083784        0.0089392151        0.0574468755
                   3                 140        0.1624282251        0.0094534629        0.0582008629
                   3                 141        0.1728136670        0.0106393280        0.0615653161
                   3                 142        0.1848339831        0.0109167857        0.0590626547
                   3                 143        0.1945174958        0.0109329285        0.0562053735
                   3                 144        0.2023642621        0.0107923377        0.0533312434
                   3                 145        0.2094325588        0.0119839531        0.0572210604
                   3                 146        0.2206538755        0.0110961824        0.0502877297
                   3                 147        0.2328609131        0.0118799067        0.0510171780
                   3                 148        0.2448594616        0.0139856378        0.0571169998
                   3                 149        0.2584760306        0.0134037559        0.0518568624
                   3                 150        0.2718699794        0.0123222237        0.0453239588
                   3                 151        0.2936001913        0.0135107780        0.0460176063
                   3                 152        0.3101389363        0.0135067736        0.0435507187
                   3                 153        0.3283568942        0.0162880864        0.0496048254
                   3                 154        0.3423118737        0.0163363340        0.0477235387
                   3                 155        0.3632736405        0.0170698918        0.0469890735
                   3                 156        0.3851033873        0.0148212312        0.0384863693
                   3                 157        0.4103122679        0.0159752550        0.0389343830
                   3                 158        0.4343582311        0.0192278761        0.0442673231
                   3                 159        0.4611233197        0.0195767807        0.0424545449
                   4                   0        0.9236158409        0.0036240294        0.0039237411
                   4                   1        0.8192623574        0.0041937905        0.0051189835
                   4                   2        0.7227368126        0.0046589176        0.0064462160
                   4                   3        0.6425936059        0.0044252950        0.0068866154
                   4                   4        0.5737434817        0.0054611648        0.0095184781
                   4                   5        0.5155037226        0.0054641899        0.0105997098
                   4                   6        0.4610654931        0.0067851188        0.0147161714
                   4                   7        0.4108906258        0.0064803301        0.0157714237
                   4                   8        0.3659838277        0.0062425706        0.0170569575
                   4                   9        0.3272039455        0.0055839807        0.0170657500
                   4                  10        0.2898857559        0.0058367721        0.0201347323
                   4                  11        0.2598996050        0.0054417282        0.0209378087
                   4                  12        0.2346907646        0.0056776148        0.0241918969
                   4                  13        0.2084448430        0.0055072825        0.0264208143
                   4                  14        0.1874206460        0.0054314616        0.0289800604
                   4                  15        0.1696317093        0.0052055672        0.0306874656
                   4                  16        0.1561098999        0.0053194974        0.0340753367
                   4                  17        0.1399048753        0.0049493819        0.0353767652
                   4                  18        0.1290375335        0.0058864369        0.0456180211
                   4                  19        0.1134150544        0.0055382614        0.0488318009
                   4                  20        0.0981403217        0.0047159350        0.0480529805
                   4                  21        0.0871564139        0.0042287883        0.0485195308
                   4                  22        0.0780005488        0.0029036839        0.0372264547
                   4                  23        0.0700638596        0.0025541508        0.0364546111
                   4                  24        0.0638548286        0.0022824504        0.0357443659
                   4                  25        0.0547451716        0.0026056902        0.0475967120
                   4                  26        0.0516834465        0.0025040902        0.0484505270
                   4                  27        0.0459673628        0.0029746836        0.0647129496
                   4                  28        0.0419287595        0.0034052343        0.0812147636
                   4                  29        0.0356560934        0.0040593692        0.1138478383
                   4                  30        0.0311038519        0.0036488413        0.1173115563
                   4                  31        0.0235152315        0.0033179845        0.1410993770
                   4                  32        0.0208563094        0.0036198295        0.1735604060
                   4                  33        0.0204957651        0.0031175904        0.1521090011
                   4                  34        0.0172001651        0.0034122980        0.1983875141
                   4                  35        0.0169236810        0.0031908146        0.1885414062
                   4                  36        0.0143271839        0.0035702061        0.2491910591
                   4                  37        0.0130112118        0.0025927855        0.1992731774
                   4                  38        0.0094706269        0.0025659300        0.2709356045
                   4                  39        0.0076667543        0.0031020495        0.4046105233
                   4                  40        0.0090614974        0.0026645431        0.2940510759
                   4                  41        0.0115498633        0.0027057571        0.2342674588
                   4                  42        0.0089036003        0.0028849520        0.3240208336
                   4                  43        0.0102742855        0.0031760522        0.3091263350
                   4                  44        0.0087922055        0.0029988104        0.3410760127
                   4                  45        0.0086169170        0.0030695239        0.3562206646
                   4                  46        0.0077327330        0.0025811021        0.3337891192
                   4                  47        0.0063860229        0.0026456835        0.4142928282
                   4                  48        0.0047283787        0.0033841426        0.7157088683
                   4                  49        0.0021415358        0.0028784501        1.3441055579
                   4                  50        0.0016740866        0.0035160457        2.1002770092
                   4                  51        0.0005282782        0.0038358124        7.2609704807
                   4                  52       -0.0000050622        0.0037763106     -745.9882616761
                   4                  53        0.0006564877        0.0034749279        5.2932111840
                   4                  54        0.0016492423        0.0039860999        2.4169280489
                   4                  55        0.0055404854        0.0047113218        0.8503445887
                   4                  56        0.0000157331        0.0038814175      246.7041363107
                   4                  57        0.0026681213        0.0032876027        1.2321788607
                   4                  58        0.0016660176        0.0026353676        1.5818365802
                   4                  59        0.0028089297        0.0025413623        0.9047439970
                   4                  60        0.0036583770        0.0027634375        0.7553725446
                   4                  61        0.0027020397        0.0033408163        1.2364053382
                   4                  62        0.0018183581        0.0034460385        1.8951374448
                   4                  63        0.0012583758        0.0033379245        2.6525657315
                   4                  64       -0.0002396227        0.0030013608      -12.5253615706
                   4                  65       -0.0005036383        0.0027086312       -5.3781284192
                   4                  66       -0.0016135427        0.0031454668       -1.9494165233
                   4                  67       -0.0016838047        0.0040859061       -2.4265914167
                   4                  68       -0.0008429301        0.0034717781       -4.1187022516
                   4                  69        0.0011320114        0.0032150319        2.8401054923
                   4                  70        0.0017719117        0.0019447853        1.0975633663
                   4                  71        0.0003064847        0.0022306451        7.2781619658
                   4                  72        0.0034491893        0.0027893907        0.8087090832
                   4                  73        0.0036711335        0.0032716790        0.8911904102
                   4                  74        0.0053387255        0.0046507161        0.8711285172
                   4                  75        0.0023369523        0.0046811962        2.0031201092
                   4                  76        0.0025685622        0.0045028412        1.7530590497
                   4                  77        0.0060369299        0.0049046526        0.8124415392
                   4                  78        0.0071298319        0.0045392807        0.6366602703
                   4                  79        0.0051142637        0.0038659435        0.7559139851
                   4                  80        0.0054546971        0.0041541413        0.7615713945
                   4                  81        0.0044435737        0.0048284248        1.0866084617
                   4                  82        0.0018946155        0.0033671802        1.7772367385
                   4                  83        0.0029402532        0.0038229669        1.3002168917
                   4                  84        0.0018694590        0.0019997147        1.0696755726
                   4                  85        0.0006912942        0.0018619840        2.6934756937
                   4                  86        0.0001381883        0.0012957545        9.3767303422
                   4                  87        0.0001438979        0.0010975978        7.6276141182
                   4                  88        0.0005400069        0.0015714415        2.9100396158
                   4                  89        0.0018498195        0.0023987271        1.2967357566
                   4                  90        0.0020994127        0.0026919794        1.2822535806
                   4                  91        0.0025476015        0.0019331400        0.7588078276
                   4                  92        0.0003938805        0.0018714304        4.7512638932
                   4                  93        0.0006068441        0.0017088822        2.8160153566
                   4                  94        0.0001786696        0.0014822555        8.2960697488
                   4                  95        0.0004283754        0.0014332342        3.3457433614
                   4                  96        0.0009165783        0.0020256447        2.2100072431
                   4                  97        0.0024697690        0.0016789192        0.6797879481
                   4                  98        0.0030161223        0.0016657064        0.5522675221
                   4                  99        0.0019020624        0.0018902555        0.9937925691
                   4                 100        0.0027389833        0.0018699392        0.6827128748
                   4                 101        0.0006470005        0.0015492938        2.3945791033
                   4                 102        0.0006393169        0.0016549978        2.5886970019
                   4                 103        0.0001899811        0.0016304068        8.5819431001
                   4                 104        0.0010186526        0.0013425087        1.3179260057
                   4                 105       -0.0000256829        0.0013094728      -50.9860895662
                   4                 106       -0.0008820739        0.0019301386       -2.1881824238
                   4                 107       -0.0022158421        0.0018020213       -0.8132444444
                   4                 108       -0.0023734938        0.0022497257       -0.9478540342
                   4                 109       -0.0020900104        0.0021239294       -1.0162290846
                   4                 110       -0.0025268232        0.0021728297       -0.8599056938
                   4                 111       -0.0023140442        0.0026106487       -1.1281758419
                   4                 112       -0.0017003148        0.0031828062       -1.8718923199
                   4                 113       -0.0029934453        0.0033627156       -1.1233596054
                   4                 114       -0.0028131680        0.0033898627       -1.2049983484
                   4                 115       -0.0035058963        0.0030063259       -0.8575056579
                   4                 116       -0.0045791796        0.0030241734       -0.6604181794
                   4                 117       -0.0052875238        0.0025793744       -0.4878227563
                   4                 118       -0.0051221388        0.0022413121       -0.4375734758
                   4                 119       -0.0043472471        0.0028658393       -0.6592308340
                   4                 120       -0.0029897253        0.0030412096       -1.0172204063
                   4                 121       -0.0015558326        0.0033021835       -2.1224542772
                   4                 122       -0.0015308502        0.0030292485       -1.9788014407
                   4                 123       -0.0007572967        0.0022834420       -3.0152542034
                   4                 124        0.0008648049        0.0020872064        2.4134996304
                   4                 125        0.0017686763        0.0018853205        1.0659500404
                   4                 126        0.0006242095        0.0022448340        3.5962827058
                   4                 127        0.0015480467        0.0031502658        2.0349940035
                   4                 128        0.0030658538        0.0020818891        0.6790568658
                   4                 129        0.0031336084        0.0017889394        0.5708879940
                   4                 130        0.0049623487        0.0021363606        0.4305140105
                   4                 131        0.0043779947        0.0020078249        0.4586174710
                   4                 132        0.0059060928        0.0026840821        0.4544598587
                   4                 133        0.0082168646        0.0024959616        0.3037608238
                   4                 134        0.0053033236        0.0017427559        0.3286157965
                   4                 135        0.0028867615        0.0023280934        0.8064723940
                   4                 136        0.0011141144        0.0024021089        2.1560702518
                   4                 137        0.0009292925        0.0025920156        2.7892354396
                   4                 138        0.0015367087        0.0028362951        1.8456946778
                   4                 139        0.0016770798        0.0021494252        1.2816475478
                   4                 140       -0.0001091627        0.0023865822      -21.8626108569
                   4                 141       -0.0004828973        0.0027108908       -5.6138041281
                   4                 142        0.0002703638        0.0031329143       11.5877709637
                   4                 143        0.0000247591        0.0034810288      140.5958639451
                   4                 144        0.0044948070        0.0036817356        0.8191087271
                   4                 145        0.0075525359        0.0035908993        0.4754560988
                   4                 146        0.0065362100        0.0035280134        0.5397643913
                   4                 147        0.0089756302        0.0033382401        0.3719226416
                   4                 148        0.0112183329        0.0031099438        0.2772197845
                   4                 149        0.0161676399        0.0031204547        0.1930061995
                   4                 150        0.0158764973        0.0036638719        0.2307733130
                   4                 151        0.0199076602        0.0033699183        0.1692774653
                   4                 152        0.0230597108        0.0032415330        0.1405712778
                   4                 153        0.0268529265        0.0037726471        0.1404929592
                   4                 154        0.0294122065        0.0041156665        0.1399305590
                   4                 155        0.0350209900        0.0037655459        0.1075225437
                   4                 156        0.0351005318        0.0034317734        0.0977698394
                   4                 157        0.0440477146        0.0030598623        0.0694669927
                   4                 158        0.0519160208        0.0032434408        0.0624747577
                   4                 159        0.0606593722        0.0032897750        0.0542335822
                   5                   0        0.9711919407        0.0042662878        0.0043928369
                   5                   1        0.7813691394        0.0046647144        0.0059699240
                   5                   2        0.6271875051        0.0036200215        0.0057718329
                   5                   3        0.5052373809        0.0035739094        0.0070737232
                   5                   4        0.4093526969        0.0041997571        0.0102595076
                   5                   5        0.3373160605        0.0047850962        0.0141857941
                   5                   6        0.2693974694        0.0051052111        0.0189504791
                   5                   7        0.2200719213        0.0045328848        0.0205972883
                   5                   8        0.1817908239        0.0041950320        0.0230761483
                   5                   9        0.1490376288        0.0047802852        0.0320743508
                   5                  10        0.1202477622        0.0046435341        0.0386163865
                   5                  11        0.0975484572        0.0037413970        0.0383542409
                   5                  12        0.0794264459        0.0038729341        0.0487612670
                   5                  13        0.0619121262        0.0029474990        0.0476077819
                   5                  14        0.0471373825        0.0037365918        0.0792702430
                   5                  15        0.0374617689        0.0027050327        0.0722078197
                   5                  16        0.0294643756        0.0024695988        0.0838164316
                   5                  17        0.0240825726        0.0024772148        0.1028633796
                   5                  18        0.0182584794        0.0028578971        0.1565243746
                   5                  19        0.0148088414        0.0027079966        0.1828635019
                   5                  20        0.0122197866        0.0028212172        0.2308728691
                   5                  21        0.0109620705        0.0026148232        0.2385336992
                   5                  22        0.0110387167        0.0021612845        0.1957912818
                   5                  23        0.0088258935        0.0017881059        0.2025977178
                   5                  24        0.0077549749        0.0020213121        0.2606471463
                   5                  25        0.0055662971        0.0024296099        0.4364858425
                   5                  26        0.0051568148        0.0022639504        0.4390210708
                   5                  27        0.0047127129        0.0019719539        0.4184328516
                   5                  28        0.0046109531        0.0022119687        0.4797204966
                   5                  29        0.0017746962        0.0022617902        1.2744661725
                   5                  30        0.0017353356        0.0016868772        0.9720755178
                   5                  31        0.0009469863        0.0017196879        1.8159586138
                   5                  32       -0.0001034399        0.0025658876      -24.8055768056
                   5                  33       -0.0011435984        0.0036632755       -3.2032883397
                   5                  34       -0.0013294601        0.0029444013       -2.2147346029
                   5                  35       -0.0036650310        0.0028987173       -0.7909120706
                   5                  36       -0.0042890256        0.0029092700       -0.6783055658
                   5                  37       -0.0070791629        0.0031108054       -0.4394312484
                   5                  38       -0.0060043704        0.0026287870       -0.4378122658
                   5                  39       -0.0026192567        0.0022907526       -0.8745811776
                   5                  40        0.0008320567        0.0025729154        3.0922357014
                   5                  41        0.0048484856        0.0027548695        0.5681917310
                   5                  42        0.0031862598        0.0011979041        0.3759593234
                   5                  43        0.0038687507        0.0014568616        0.3765716013
                   5                  44        0.0030470652        0.0022769966        0.7472753208
                   5                  45        0.0033657946        0.0021694641        0.6445622345
                   5                  46        0.0038937665        0.0022445245        0.5764404547
                   5                  47        0.0035940288        0.0015884772        0.4419767506
                   5                  48        0.0030320319        0.0021488839        0.7087273275
                   5                  49        0.0003237452        0.0018910485        5.8411622773
                   5                  50       -0.0013319124        0.0017849750       -1.3401594147
                   5                  51       -0.0007929864        0.0013082478       -1.6497732892
                   5                  52       -0.0014966884        0.0016154434       -1.0793451965
                   5                  53       -0.0021816518        0.0015075261       -0.6910021658
                   5                  54       -0.0001095766        0.0018793334      -17.1508653406
                   5                  55       -0.0002783596        0.0016879266       -6.0638339948
                   5                  56        0.0013438855        0.0016288651        1.2120564869
                   5                  57        0.0017209383        0.0020261010        1.1773234058
                   5                  58        0.0010279755        0.0016110949        1.5672503851
                   5                  59        0.0031089771        0.0020079349        0.6458506561
                   5                  60        0.0035664209        0.0027006983        0.7572573161
                   5                  61        0.0023273278        0.0020398046        0.8764577966
                   5                  62        0.0024316642        0.0023583076        0.9698327491
                   5                  63        0.0006119298        0.0017303441        2.8276838037
                   5                  64       -0.0008589963        0.0017227677       -2.0055590106
                   5                  65       -0.0007747251        0.0015880046       -2.0497653609
                   5                  66       -0.0029231171        0.0022574206       -0.7722648687
                   5                  67       -0.0043981135        0.0033670879       -0.7655754978
                   5                  68       -0.0057836137        0.0026765831       -0.4627873234
                   5                  69       -0.0049011389        0.0034264416       -0.6991113020
                   5                  70       -0.0024840442        0.0024001238       -0.9662162458
                   5                  71        0.0007726328        0.0012881483        1.6672192488
                   5                  72       -0.0009806977        0.0012358508       -1.2601750804
                   5                  73       -0.0011965098        0.0015844657       -1.3242396708
                   5                  74       -0.0001246226        0.0017671430      -14.1799592584
                   5                  75       -0.0007667394        0.0017073242       -2.2267334675
                   5                  76       -0.0015177887        0.0013266209       -0.8740485221
                   5                  77       -0.0029758288        0.0015679269       -0.5268874558
                   5                  78       -0.0020342016        0.0018769721       -0.9227070289
                   5                  79       -0.0021379304        0.0022461220       -1.0506057868
                   5                  80       -0.0010775709        0.0021890946       -2.0315086277
                   5                  81        0.0000119077        0.0021838755      183.4007416447
                   5                  82       -0.0007383348        0.0022786760       -3.0862367841
                   5                  83        0.0008947962        0.0016228062        1.8136043262
                   5                  84        0.0006560854        0.0022408217        3.4154420557
                   5                  85       -0.0007292211        0.0019349215       -2.6534087746
                   5                  86       -0.0025796396        0.0021441706       -0.8311900007
                   5                  87       -0.0000387815        0.0019345272      -49.8826741179
                   5                  88       -0.0014911952        0.0015392961       -1.0322566025
                   5                  89       -0.0035633598        0.0018723251       -0.5254381360
                   5                  90       -0.0043788062        0.0025886886       -0.5911859160
                   5                  91       -0.0007907081        0.0017003664       -2.1504351214
                   5                  92       -0.0008118124        0.0012459668       -1.5347964232
                   5                  93       -0.0005463696        0.0015345891       -2.8087016824
                   5                  94       -0.0009225724        0.0018129759       -1.9651312045
                   5                  95       -0.0017881098        0.0021368565       -1.1950365571
                   5                  96       -0.0019773783        0.0020590366       -1.0412962572
                   5                  97       -0.0024571638        0.0022375702       -0.9106312610
                   5                  98       -0.0026611731        0.0022131989       -0.8316628719
                   5                  99        0.0003416968        0.0020164381        5.9012500923
                   5                 100       -0.0011287224        0.0018943872       -1.6783463769
                   5                 101        0.0003132138        0.0020440243        6.5259714021
                   5                 102       -0.0011697706        0.0023075900       -1.9726860057
                   5                 103       -0.0010476177        0.0017619544       -1.6818676808
                   5                 104        0.0006538808        0.0019366299        2.9617477606
                   5                 105        0.0015276294        0.0022410995        1.4670439656
                   5                 106        0.0015871856        0.0022270216        1.4031261286
                   5                 107        0.0010989763        0.0022387205        2.0370962964
                   5                 108       -0.0005147442        0.0026411477       -5.1309906089
                   5                 109        0.0018163889        0.0024048183        1.3239556085
                   5                 110        0.0010762113        0.0020980003        1.9494314821
                   5                 111        0.0012698747        0.0026751158        2.1065982165
                   5                 112       -0.0018238427        0.0024634945       -1.3507165037
                   5                 113       -0.0029237895        0.0026618876       -0.9104238247
                   5                 114       -0.0019715281        0.0020668671       -1.0483579110
                   5                 115       -0.0005508563        0.0022275812       -4.0438517639
                   5                 116       -0.0011462232        0.0023194374       -2.0235477824
                   5                 117       -0.0005158514        0.0029137125       -5.6483564915
                   5                 118       -0.0004042765        0.0021127713       -5.2260545961
                   5                 119       -0.0016438071        0.0021215852       -1.2906533969
                   5                 120       -0.0015142630        0.0022820673       -1.5070481354
                   5                 121        0.0001363116        0.0028687936       21.0458540552
                   5                 122        0.0032166680        0.0035221416        1.0949658685
                   5                 123        0.0020267310        0.0019344367        0.9544614728
                   5                 124        0.0035153042        0.0025020979        0.7117727964
                   5                 125        0.0012565487        0.0023845695        1.8977136305
                   5                 126        0.0001830458        0.0019920967       10.8830501895
                   5                 127       -0.0010270400        0.0020749076       -2.0202792076
                   5                 128        0.0005177047        0.0018918088        3.6542239620
                   5                 129        0.0012545187        0.0021656205        1.7262560812
                   5                 130        0.0018924833        0.0023835766        1.2594967732
                   5                 131        0.0026840210        0.0019169842        0.7142209994
                   5                 132        0.0042670291        0.0024004447        0.5625564531
                   5                 133        0.0048230707        0.0025998963        0.5390541521
                   5                 134        0.0024149124        0.0023241654        0.9624222269
                   5                 135        0.0008524002        0.0024930218        2.9247082240
                   5                 136        0.0048372230        0.0021235457        0.4390009873
                   5                 137        0.0013008247        0.0021431833        1.6475573379
                   5                 138       -0.0002847322        0.0026117088       -9.1725078540
                   5                 139       -0.0006287842        0.0030518269       -4.8535362613
                   5                 140       -0.0013955438        0.0029174549       -2.0905505296
                   5                 141       -0.0029372258        0.0024311736       -0.8277108177
                   5                 142       -0.0030956367        0.0028392602       -0.9171813374
                   5                 143        0.0016020023        0.0023070783        1.4401217236
                   5                 144        0.0041561355        0.0026923096        0.6477915825
                   5                 145        0.0034108496        0.0022538006        0.6607739847
                   5                 146        0.0022339609        0.0024167387        1.0818177933
                   5                 147        0.0055200350        0.0021022279        0.3808359760
                   5                 148        0.0039126626        0.0021298381        0.5443449453
                   5                 149        0.0043691341        0.0036771589        0.8416218794
                   5                 150        0.0023598022        0.0038955586        1.6507988341
                   5                 151        0.0019482412        0.0043002326        2.2072382337
                   5                 152        0.0043348007        0.0031788044        0.7333219178
                   5                 153        0.0068276791        0.0038088362        0.5578522559
                   5                 154        0.0045987653        0.0031732382        0.6900196150
                   5                 155        0.0031196839        0.0029534419        0.9467119169
                   5                 156        0.0064922346        0.0028420330        0.4377588315
                   5                 157        0.0081671601        0.0029600692        0.3624355567
                   5                 158        0.0115012140        0.0032325811        0.2810643356
                   5                 159        0.0183332661        0.0047037104        0.2565669620
