                  20
                   0       -1.3444088986
                   1       -1.3065403929
                   2       -1.2238215571
                   3       -1.3421061204
                   4       -1.3139345696
                   5       -1.3221704646
                   6       -1.3028472962
                   7       -1.3302218401
                   8       -1.3166159269
                   9       -1.3607757089
                  10       -1.2954809222
                  11       -1.3571135223
                  12       -1.3462748784
                  13       -1.3030489088
                  14       -1.3020065137
                  15       -1.3260191881
                  16       -1.2897411220
                  17       -1.2879372582
                  18       -1.3142321194
                  19       -1.3708176474
