                  20
                   0        0.2295746233
                   1        0.2378692542
                   2        0.2260028252
                   3        0.2393676719
                   4        0.2342581804
                   5        0.2337793355
                   6        0.2327373188
                   7        0.2313623436
                   8        0.2308477336
                   9        0.2332761901
                  10        0.2305746853
                  11        0.2352518177
                  12        0.2374924463
                  13        0.2327706398
                  14        0.2373874552
                  15        0.2325545491
                  16        0.2349940413
                  17        0.2281280417
                  18        0.2312875426
                  19        0.2308475881
