                  20
                   0        0.0375410437
                   1        0.0278213249
                   2        0.0410824823
                   3        0.0306827548
                   4        0.0409837120
                   5        0.0340219121
                   6        0.0294855079
                   7        0.0323726326
                   8        0.0335414600
                   9        0.0336393863
                  10        0.0361701945
                  11        0.0283958022
                  12        0.0289711697
                  13        0.0271451093
                  14        0.0294802813
                  15        0.0315410671
                  16        0.0393702672
                  17        0.0322680946
                  18        0.0372916657
                  19        0.0342244867
