                  20
                   0        0.0155328624
                   1        0.0362369321
                   2        0.2886257815
                   3        0.0342336554
                   4        0.1165321411
                   5        0.1157595176
                   6        0.0708577624
                   7        0.0534673004
                   8        0.0750792219
                   9        0.0122660918
                  10        0.1401978890
                  11        0.1235293298
                  12        0.0972472509
                  13        0.1343836850
                  14        0.1016835934
                  15        0.0768424910
                  16        0.0912434747
                  17        0.0912627719
                  18        0.1255855371
                  19        0.0553345682
