                  20
                   0        0.0238947797
                   1        0.0241529988
                   2        0.0234607795
                   3        0.0244973831
                   4        0.0240215397
                   5        0.0241174761
                   6        0.0240889366
                   7        0.0239400164
                   8        0.0238898248
                   9        0.0242075980
                  10        0.0238231905
                  11        0.0243206969
                  12        0.0242331502
                  13        0.0239089455
                  14        0.0241338431
                  15        0.0241819708
                  16        0.0241125514
                  17        0.0236124590
                  18        0.0238306706
                  19        0.0240024572
