                  20
                   0        0.1077293702
                   1        0.0990563688
                   2        0.1395037847
                   3       -0.0137845088
                   4       -0.0173005581
                   5       -0.0353270308
                   6       -0.0228300873
                   7        0.0241117758
                   8        0.0773202520
                   9        0.0862586008
                  10       -0.0260488061
                  11       -0.0281418778
                  12        0.0572982870
                  13        0.0928630449
                  14        0.0422540542
                  15       -0.0446648548
                  16        0.0324270486
                  17        0.0535716144
                  18       -0.0526251047
                  19        0.0244504849
