                  20
                   0        2.1627401828
                   1        1.7486148262
                   2        2.4887973367
                   3        1.5206567394
                   4        1.8864073826
                   5        1.0266838115
                   6        1.3392561412
                   7        1.3058510005
                   8        1.7246218578
                   9        1.9134899488
                  10        1.1209656352
                  11        1.6502247396
                  12        1.7630242823
                  13        2.0133509094
                  14        1.2754558064
                  15        1.1722557580
                  16        1.5838526362
                  17        2.3019861095
                  18        1.3044737453
                  19        1.7651301286
